<?xml version="1.0" encoding="UTF-8"?>
<!-- Generated by org.testng.reporters.JUnitReportReporter -->
<testsuite hostname="DESKTOP-2SFN4SQ" failures="0" tests="6" name="testRunner.CucumberRunner" time="125.980" errors="0" timestamp="2023-08-29T00:31:54 IST" skipped="0">
  <testcase classname="testRunner.CucumberRunner" name="runScenario" time="27.291"/>
  <testcase classname="testRunner.CucumberRunner" name="runScenario" time="16.641"/>
  <testcase classname="testRunner.CucumberRunner" name="runScenario" time="20.446"/>
  <testcase classname="testRunner.CucumberRunner" name="runScenario" time="27.298"/>
  <testcase classname="testRunner.CucumberRunner" name="runScenario" time="15.809"/>
  <testcase classname="testRunner.CucumberRunner" name="runScenario" time="18.495"/>
</testsuite> <!-- testRunner.CucumberRunner -->
